<?xml version="1.0" encoding="UTF-8"?>
<!-- Generated by org.testng.reporters.JUnitReportReporter -->
<testsuite hostname="Ascension" failures="0" tests="1" name="modularScripts.googleSearch.SearchTextOnGoogle" time="3.105" errors="0" timestamp="2022-09-21T21:56:23 EDT" skipped="0">
  <testcase classname="modularScripts.googleSearch.SearchTextOnGoogle" name="searchInGoogleSearchBox" time="3.105"/>
  <system-out/>
</testsuite> <!-- modularScripts.googleSearch.SearchTextOnGoogle -->
